============================= test session starts ==============================
platform linux -- Python 3.12.3, pytest-9.1.1, pluggy-1.6.0 -- /usr/bin/python3
cachedir: .pytest_cache
rootdir: /work/Usman/Assignment_Solution_USA/Assignment2_BLE_WiFi_Setup
plugins: anyio-4.14.2
collecting ... collected 7 items

BLE_Wifi_connectivity.py::test_ble_connection_established PASSED         [ 14%]
BLE_Wifi_connectivity.py::test_wifi_provisioning_successful PASSED       [ 28%]
BLE_Wifi_connectivity.py::test_device_received_valid_ip_address PASSED   [ 42%]
BLE_Wifi_connectivity.py::test_device_status_is_online PASSED            [ 57%]
BLE_Wifi_connectivity.py::test_mac_address_format PASSED                 [ 71%]
BLE_Wifi_connectivity.py::test_ssid_is_not_empty PASSED                  [ 85%]
BLE_Wifi_connectivity.py::test_device_id_is_not_empty PASSED             [100%]

============================== 7 passed in 0.01s ===============================
